{"/Users/elinicholson/projects/eez-meet-me/eez-meet-me-be/lib/app.js": {"path":"/Users/elinicholson/projects/eez-meet-me/eez-meet-me-be/lib/app.js","statementMap":{"0":{"start":{"line":1,"column":16},"end":{"line":1,"column":34}},"1":{"start":{"line":2,"column":12},"end":{"line":2,"column":21}},"2":{"start":{"line":4,"column":0},"end":{"line":4,"column":27}},"3":{"start":{"line":6,"column":0},"end":{"line":6,"column":24}},"4":{"start":{"line":8,"column":0},"end":{"line":8,"column":50}},"5":{"start":{"line":9,"column":0},"end":{"line":9,"column":52}},"6":{"start":{"line":11,"column":0},"end":{"line":11,"column":43}},"7":{"start":{"line":12,"column":0},"end":{"line":12,"column":39}},"8":{"start":{"line":14,"column":0},"end":{"line":14,"column":21}}},"fnMap":{},"branchMap":{},"s":{"0":2,"1":2,"2":2,"3":2,"4":2,"5":2,"6":2,"7":2,"8":2},"f":{},"b":{},"_coverageSchema":"43e27e138ebf9cfc5966b082cf9a028302ed4184","hash":"a5165c03cf6f5fdc37b4e598bb672c5904787245"}
,"/Users/elinicholson/projects/eez-meet-me/eez-meet-me-be/lib/middleware/error.js": {"path":"/Users/elinicholson/projects/eez-meet-me/eez-meet-me-be/lib/middleware/error.js","statementMap":{"0":{"start":{"line":1,"column":17},"end":{"line":1,"column":36}},"1":{"start":{"line":4,"column":0},"end":{"line":20,"column":2}},"2":{"start":{"line":5,"column":15},"end":{"line":5,"column":32}},"3":{"start":{"line":7,"column":2},"end":{"line":10,"column":3}},"4":{"start":{"line":9,"column":4},"end":{"line":9,"column":17}},"5":{"start":{"line":12,"column":2},"end":{"line":12,"column":21}},"6":{"start":{"line":14,"column":2},"end":{"line":14,"column":19}},"7":{"start":{"line":16,"column":2},"end":{"line":19,"column":5}}},"fnMap":{"0":{"name":"(anonymous_0)","decl":{"start":{"line":4,"column":17},"end":{"line":4,"column":18}},"loc":{"start":{"line":4,"column":42},"end":{"line":20,"column":1}},"line":4}},"branchMap":{"0":{"loc":{"start":{"line":5,"column":15},"end":{"line":5,"column":32}},"type":"binary-expr","locations":[{"start":{"line":5,"column":15},"end":{"line":5,"column":25}},{"start":{"line":5,"column":29},"end":{"line":5,"column":32}}],"line":5},"1":{"loc":{"start":{"line":7,"column":2},"end":{"line":10,"column":3}},"type":"if","locations":[{"start":{"line":7,"column":2},"end":{"line":10,"column":3}},{"start":{"line":7,"column":2},"end":{"line":10,"column":3}}],"line":7},"2":{"loc":{"start":{"line":7,"column":5},"end":{"line":8,"column":43}},"type":"binary-expr","locations":[{"start":{"line":7,"column":5},"end":{"line":7,"column":50}},{"start":{"line":8,"column":4},"end":{"line":8,"column":43}}],"line":7}},"s":{"0":2,"1":2,"2":1,"3":1,"4":0,"5":1,"6":1,"7":1},"f":{"0":1},"b":{"0":[1,1],"1":[0,1],"2":[1,1]},"_coverageSchema":"43e27e138ebf9cfc5966b082cf9a028302ed4184","hash":"ceb60e61a8d0855f04cbd90f4ce25e29e304b95d"}
,"/Users/elinicholson/projects/eez-meet-me/eez-meet-me-be/lib/middleware/not-found.js": {"path":"/Users/elinicholson/projects/eez-meet-me/eez-meet-me-be/lib/middleware/not-found.js","statementMap":{"0":{"start":{"line":1,"column":0},"end":{"line":5,"column":2}},"1":{"start":{"line":2,"column":14},"end":{"line":2,"column":36}},"2":{"start":{"line":3,"column":2},"end":{"line":3,"column":19}},"3":{"start":{"line":4,"column":2},"end":{"line":4,"column":12}}},"fnMap":{"0":{"name":"(anonymous_0)","decl":{"start":{"line":1,"column":17},"end":{"line":1,"column":18}},"loc":{"start":{"line":1,"column":37},"end":{"line":5,"column":1}},"line":1}},"branchMap":{},"s":{"0":2,"1":0,"2":0,"3":0},"f":{"0":0},"b":{},"_coverageSchema":"43e27e138ebf9cfc5966b082cf9a028302ed4184","hash":"0d82237c5eb0c963918365aef6cd8b1b063b625e"}
,"/Users/elinicholson/projects/eez-meet-me/eez-meet-me-be/lib/models/Pin.js": {"path":"/Users/elinicholson/projects/eez-meet-me/eez-meet-me-be/lib/models/Pin.js","statementMap":{"0":{"start":{"line":1,"column":17},"end":{"line":1,"column":36}},"1":{"start":{"line":3,"column":18},"end":{"line":36,"column":2}},"2":{"start":{"line":38,"column":12},"end":{"line":38,"column":44}},"3":{"start":{"line":40,"column":0},"end":{"line":40,"column":21}}},"fnMap":{},"branchMap":{},"s":{"0":2,"1":2,"2":2,"3":2},"f":{},"b":{},"_coverageSchema":"43e27e138ebf9cfc5966b082cf9a028302ed4184","hash":"84075091c904b7edc6665bcef955f371e0a461c1"}
,"/Users/elinicholson/projects/eez-meet-me/eez-meet-me-be/lib/models/User.js": {"path":"/Users/elinicholson/projects/eez-meet-me/eez-meet-me-be/lib/models/User.js","statementMap":{"0":{"start":{"line":1,"column":17},"end":{"line":1,"column":36}},"1":{"start":{"line":3,"column":19},"end":{"line":19,"column":2}},"2":{"start":{"line":22,"column":0},"end":{"line":30,"column":2}},"3":{"start":{"line":23,"column":2},"end":{"line":29,"column":5}},"4":{"start":{"line":32,"column":13},"end":{"line":32,"column":47}},"5":{"start":{"line":34,"column":0},"end":{"line":34,"column":22}}},"fnMap":{"0":{"name":"(anonymous_0)","decl":{"start":{"line":22,"column":29},"end":{"line":22,"column":30}},"loc":{"start":{"line":22,"column":46},"end":{"line":30,"column":1}},"line":22}},"branchMap":{},"s":{"0":2,"1":2,"2":2,"3":1,"4":2,"5":2},"f":{"0":1},"b":{},"_coverageSchema":"43e27e138ebf9cfc5966b082cf9a028302ed4184","hash":"acd909109ad07d15d6a10f1e737cf8dcdd051cb1"}
,"/Users/elinicholson/projects/eez-meet-me/eez-meet-me-be/lib/routes/pins.js": {"path":"/Users/elinicholson/projects/eez-meet-me/eez-meet-me-be/lib/routes/pins.js","statementMap":{"0":{"start":{"line":1,"column":19},"end":{"line":1,"column":37}},"1":{"start":{"line":2,"column":12},"end":{"line":2,"column":36}},"2":{"start":{"line":3,"column":13},"end":{"line":3,"column":38}},"3":{"start":{"line":4,"column":26},"end":{"line":4,"column":62}},"4":{"start":{"line":5,"column":19},"end":{"line":5,"column":55}},"5":{"start":{"line":7,"column":0},"end":{"line":55,"column":5}},"6":{"start":{"line":9,"column":60},"end":{"line":9,"column":68}},"7":{"start":{"line":11,"column":16},"end":{"line":11,"column":28}},"8":{"start":{"line":13,"column":4},"end":{"line":27,"column":9}},"9":{"start":{"line":15,"column":8},"end":{"line":25,"column":23}},"10":{"start":{"line":24,"column":23},"end":{"line":24,"column":36}},"11":{"start":{"line":31,"column":16},"end":{"line":31,"column":28}},"12":{"start":{"line":33,"column":4},"end":{"line":36,"column":19}},"13":{"start":{"line":35,"column":20},"end":{"line":35,"column":42}},"14":{"start":{"line":42,"column":8},"end":{"line":42,"column":16}},"15":{"start":{"line":44,"column":4},"end":{"line":47,"column":19}},"16":{"start":{"line":46,"column":19},"end":{"line":46,"column":32}},"17":{"start":{"line":51,"column":4},"end":{"line":54,"column":19}},"18":{"start":{"line":53,"column":19},"end":{"line":53,"column":32}}},"fnMap":{"0":{"name":"(anonymous_0)","decl":{"start":{"line":8,"column":25},"end":{"line":8,"column":26}},"loc":{"start":{"line":8,"column":45},"end":{"line":28,"column":3}},"line":8},"1":{"name":"(anonymous_1)","decl":{"start":{"line":14,"column":12},"end":{"line":14,"column":13}},"loc":{"start":{"line":14,"column":24},"end":{"line":27,"column":7}},"line":14},"2":{"name":"(anonymous_2)","decl":{"start":{"line":24,"column":16},"end":{"line":24,"column":17}},"loc":{"start":{"line":24,"column":23},"end":{"line":24,"column":36}},"line":24},"3":{"name":"(anonymous_3)","decl":{"start":{"line":30,"column":24},"end":{"line":30,"column":25}},"loc":{"start":{"line":30,"column":44},"end":{"line":37,"column":3}},"line":30},"4":{"name":"(anonymous_4)","decl":{"start":{"line":35,"column":12},"end":{"line":35,"column":13}},"loc":{"start":{"line":35,"column":20},"end":{"line":35,"column":42}},"line":35},"5":{"name":"(anonymous_5)","decl":{"start":{"line":39,"column":15},"end":{"line":39,"column":16}},"loc":{"start":{"line":39,"column":35},"end":{"line":48,"column":3}},"line":39},"6":{"name":"(anonymous_6)","decl":{"start":{"line":46,"column":12},"end":{"line":46,"column":13}},"loc":{"start":{"line":46,"column":19},"end":{"line":46,"column":32}},"line":46},"7":{"name":"(anonymous_7)","decl":{"start":{"line":50,"column":30},"end":{"line":50,"column":31}},"loc":{"start":{"line":50,"column":50},"end":{"line":55,"column":3}},"line":50},"8":{"name":"(anonymous_8)","decl":{"start":{"line":53,"column":12},"end":{"line":53,"column":13}},"loc":{"start":{"line":53,"column":19},"end":{"line":53,"column":32}},"line":53}},"branchMap":{},"s":{"0":2,"1":2,"2":2,"3":2,"4":2,"5":2,"6":2,"7":2,"8":2,"9":2,"10":2,"11":1,"12":1,"13":1,"14":1,"15":1,"16":1,"17":1,"18":1},"f":{"0":2,"1":2,"2":2,"3":1,"4":1,"5":1,"6":1,"7":1,"8":1},"b":{},"_coverageSchema":"43e27e138ebf9cfc5966b082cf9a028302ed4184","hash":"396e1822019496cf670d8fccfb00f6e48d906606"}
,"/Users/elinicholson/projects/eez-meet-me/eez-meet-me-be/lib/routes/users.js": {"path":"/Users/elinicholson/projects/eez-meet-me/eez-meet-me-be/lib/routes/users.js","statementMap":{"0":{"start":{"line":1,"column":19},"end":{"line":1,"column":37}},"1":{"start":{"line":2,"column":13},"end":{"line":2,"column":38}},"2":{"start":{"line":3,"column":19},"end":{"line":3,"column":55}},"3":{"start":{"line":5,"column":0},"end":{"line":73,"column":5}},"4":{"start":{"line":11,"column":8},"end":{"line":11,"column":16}},"5":{"start":{"line":13,"column":4},"end":{"line":28,"column":19}},"6":{"start":{"line":15,"column":8},"end":{"line":26,"column":9}},"7":{"start":{"line":16,"column":10},"end":{"line":22,"column":25}},"8":{"start":{"line":21,"column":29},"end":{"line":21,"column":46}},"9":{"start":{"line":25,"column":10},"end":{"line":25,"column":25}},"10":{"start":{"line":32,"column":4},"end":{"line":35,"column":19}},"11":{"start":{"line":34,"column":21},"end":{"line":34,"column":36}},"12":{"start":{"line":39,"column":16},"end":{"line":39,"column":28}},"13":{"start":{"line":41,"column":4},"end":{"line":53,"column":19}},"14":{"start":{"line":44,"column":8},"end":{"line":48,"column":10}},"15":{"start":{"line":46,"column":12},"end":{"line":46,"column":44}},"16":{"start":{"line":51,"column":8},"end":{"line":51,"column":28}},"17":{"start":{"line":59,"column":8},"end":{"line":59,"column":16}},"18":{"start":{"line":61,"column":16},"end":{"line":61,"column":28}},"19":{"start":{"line":63,"column":4},"end":{"line":72,"column":9}},"20":{"start":{"line":66,"column":8},"end":{"line":71,"column":23}},"21":{"start":{"line":69,"column":12},"end":{"line":69,"column":34}}},"fnMap":{"0":{"name":"(anonymous_0)","decl":{"start":{"line":6,"column":25},"end":{"line":6,"column":26}},"loc":{"start":{"line":6,"column":45},"end":{"line":29,"column":3}},"line":6},"1":{"name":"(anonymous_1)","decl":{"start":{"line":14,"column":12},"end":{"line":14,"column":13}},"loc":{"start":{"line":14,"column":20},"end":{"line":27,"column":7}},"line":14},"2":{"name":"(anonymous_2)","decl":{"start":{"line":21,"column":18},"end":{"line":21,"column":19}},"loc":{"start":{"line":21,"column":29},"end":{"line":21,"column":46}},"line":21},"3":{"name":"(anonymous_3)","decl":{"start":{"line":31,"column":24},"end":{"line":31,"column":25}},"loc":{"start":{"line":31,"column":44},"end":{"line":36,"column":3}},"line":31},"4":{"name":"(anonymous_4)","decl":{"start":{"line":34,"column":12},"end":{"line":34,"column":13}},"loc":{"start":{"line":34,"column":21},"end":{"line":34,"column":36}},"line":34},"5":{"name":"(anonymous_5)","decl":{"start":{"line":38,"column":33},"end":{"line":38,"column":34}},"loc":{"start":{"line":38,"column":53},"end":{"line":54,"column":3}},"line":38},"6":{"name":"(anonymous_6)","decl":{"start":{"line":43,"column":12},"end":{"line":43,"column":13}},"loc":{"start":{"line":43,"column":20},"end":{"line":49,"column":7}},"line":43},"7":{"name":"(anonymous_7)","decl":{"start":{"line":45,"column":32},"end":{"line":45,"column":33}},"loc":{"start":{"line":45,"column":44},"end":{"line":47,"column":11}},"line":45},"8":{"name":"(anonymous_8)","decl":{"start":{"line":50,"column":12},"end":{"line":50,"column":13}},"loc":{"start":{"line":50,"column":25},"end":{"line":52,"column":7}},"line":50},"9":{"name":"(anonymous_9)","decl":{"start":{"line":56,"column":35},"end":{"line":56,"column":36}},"loc":{"start":{"line":56,"column":55},"end":{"line":73,"column":3}},"line":56},"10":{"name":"(anonymous_10)","decl":{"start":{"line":65,"column":12},"end":{"line":65,"column":13}},"loc":{"start":{"line":65,"column":24},"end":{"line":72,"column":7}},"line":65},"11":{"name":"(anonymous_11)","decl":{"start":{"line":68,"column":16},"end":{"line":68,"column":17}},"loc":{"start":{"line":68,"column":31},"end":{"line":70,"column":11}},"line":68}},"branchMap":{"0":{"loc":{"start":{"line":15,"column":8},"end":{"line":26,"column":9}},"type":"if","locations":[{"start":{"line":15,"column":8},"end":{"line":26,"column":9}},{"start":{"line":15,"column":8},"end":{"line":26,"column":9}}],"line":15}},"s":{"0":2,"1":2,"2":2,"3":2,"4":2,"5":2,"6":2,"7":2,"8":2,"9":0,"10":1,"11":1,"12":1,"13":1,"14":1,"15":1,"16":1,"17":1,"18":1,"19":1,"20":1,"21":1},"f":{"0":2,"1":2,"2":2,"3":1,"4":1,"5":1,"6":1,"7":1,"8":1,"9":1,"10":1,"11":1},"b":{"0":[2,0]},"_coverageSchema":"43e27e138ebf9cfc5966b082cf9a028302ed4184","hash":"6d7b64827b391313f605726d416eca1335d6b126"}
,"/Users/elinicholson/projects/eez-meet-me/eez-meet-me-be/lib/services/formatAddress.js": {"path":"/Users/elinicholson/projects/eez-meet-me/eez-meet-me-be/lib/services/formatAddress.js","statementMap":{"0":{"start":{"line":1,"column":16},"end":{"line":1,"column":37}},"1":{"start":{"line":2,"column":0},"end":{"line":2,"column":27}},"2":{"start":{"line":4,"column":26},"end":{"line":17,"column":1}},"3":{"start":{"line":5,"column":2},"end":{"line":16,"column":7}},"4":{"start":{"line":9,"column":6},"end":{"line":15,"column":8}},"5":{"start":{"line":19,"column":0},"end":{"line":19,"column":35}}},"fnMap":{"0":{"name":"(anonymous_0)","decl":{"start":{"line":4,"column":26},"end":{"line":4,"column":27}},"loc":{"start":{"line":4,"column":39},"end":{"line":17,"column":1}},"line":4},"1":{"name":"(anonymous_1)","decl":{"start":{"line":7,"column":10},"end":{"line":7,"column":11}},"loc":{"start":{"line":7,"column":17},"end":{"line":16,"column":5}},"line":7}},"branchMap":{},"s":{"0":2,"1":2,"2":2,"3":2,"4":2,"5":2},"f":{"0":2,"1":2},"b":{},"_coverageSchema":"43e27e138ebf9cfc5966b082cf9a028302ed4184","hash":"e8cf67baa815757c5f1f71e542a71c0d6013fca1"}
,"/Users/elinicholson/projects/eez-meet-me/eez-meet-me-be/lib/utils/connect.js": {"path":"/Users/elinicholson/projects/eez-meet-me/eez-meet-me-be/lib/utils/connect.js","statementMap":{"0":{"start":{"line":1,"column":17},"end":{"line":1,"column":36}},"1":{"start":{"line":2,"column":18},"end":{"line":2,"column":32}},"2":{"start":{"line":4,"column":0},"end":{"line":24,"column":2}},"3":{"start":{"line":5,"column":2},"end":{"line":9,"column":5}},"4":{"start":{"line":11,"column":2},"end":{"line":15,"column":5}},"5":{"start":{"line":12,"column":22},"end":{"line":12,"column":32}},"6":{"start":{"line":13,"column":24},"end":{"line":13,"column":109}},"7":{"start":{"line":14,"column":4},"end":{"line":14,"column":58}},"8":{"start":{"line":17,"column":2},"end":{"line":19,"column":5}},"9":{"start":{"line":18,"column":4},"end":{"line":18,"column":45}},"10":{"start":{"line":21,"column":2},"end":{"line":23,"column":5}},"11":{"start":{"line":22,"column":4},"end":{"line":22,"column":47}}},"fnMap":{"0":{"name":"(anonymous_0)","decl":{"start":{"line":4,"column":17},"end":{"line":4,"column":18}},"loc":{"start":{"line":4,"column":52},"end":{"line":24,"column":1}},"line":4},"1":{"name":"(anonymous_1)","decl":{"start":{"line":11,"column":38},"end":{"line":11,"column":39}},"loc":{"start":{"line":11,"column":44},"end":{"line":15,"column":3}},"line":11},"2":{"name":"(anonymous_2)","decl":{"start":{"line":17,"column":41},"end":{"line":17,"column":42}},"loc":{"start":{"line":17,"column":47},"end":{"line":19,"column":3}},"line":17},"3":{"name":"(anonymous_3)","decl":{"start":{"line":21,"column":34},"end":{"line":21,"column":35}},"loc":{"start":{"line":21,"column":40},"end":{"line":23,"column":3}},"line":21}},"branchMap":{"0":{"loc":{"start":{"line":4,"column":18},"end":{"line":4,"column":47}},"type":"default-arg","locations":[{"start":{"line":4,"column":24},"end":{"line":4,"column":47}}],"line":4}},"s":{"0":2,"1":2,"2":2,"3":2,"4":2,"5":2,"6":2,"7":2,"8":2,"9":2,"10":2,"11":0},"f":{"0":2,"1":2,"2":2,"3":0},"b":{"0":[2]},"_coverageSchema":"43e27e138ebf9cfc5966b082cf9a028302ed4184","hash":"244b987f88a7c121555ec3428570340716e0b606"}
}
